[2014-09-24 15:41:29,653]  INFO {org.wso2.carbon.server.util.PatchUtils} -  Checking for patch changes ...
[2014-09-24 15:41:29,656]  INFO {org.wso2.carbon.server.util.PatchUtils} -  New patch available - patch0001
[2014-09-24 15:41:29,656]  INFO {org.wso2.carbon.server.util.PatchUtils} -  New patch available - patch0002
[2014-09-24 15:41:29,656]  INFO {org.wso2.carbon.server.util.PatchUtils} -  New patch available - patch0003
[2014-09-24 15:41:29,656]  INFO {org.wso2.carbon.server.util.PatchUtils} -  New patch available - patch0004
[2014-09-24 15:41:29,656]  INFO {org.wso2.carbon.server.util.PatchUtils} -  New patch available - patch0005
[2014-09-24 15:41:29,656]  INFO {org.wso2.carbon.server.extensions.PatchInstaller} -  Patch changes detected 
[2014-09-24 15:41:30,105]  INFO {org.wso2.carbon.server.util.PatchUtils} -  Backed up plugins to patch0000
[2014-09-24 15:41:30,107]  INFO {org.wso2.carbon.server.util.PatchUtils} -  Applying patches ...
[2014-09-24 15:41:30,107]  INFO {org.wso2.carbon.server.util.PatchUtils} -  Applying - patch0001
[2014-09-24 15:41:30,255]  INFO {org.wso2.carbon.server.util.PatchUtils} -  Patched spring.framework_3.1.0.wso2v1.jar(MD5:bf208e0301929bd0a6482626771bc7ae)
[2014-09-24 15:41:30,257]  INFO {org.wso2.carbon.server.util.PatchUtils} -  Patched org.wso2.carbon.server.admin_4.2.0.jar(MD5:cecd6f71ea25abd2560682523231adda)
[2014-09-24 15:41:30,273]  INFO {org.wso2.carbon.server.util.PatchUtils} -  Patched org.wso2.carbon.core_4.2.0.jar(MD5:a6d5cb417d9fc7ad2162b6ac2ff5ed99)
[2014-09-24 15:41:30,275]  INFO {org.wso2.carbon.server.util.PatchUtils} -  Patched javax.cache.wso2_4.2.0.jar(MD5:089ed7a98850aa3723207c6f3f1768d2)
[2014-09-24 15:41:30,277]  INFO {org.wso2.carbon.server.util.PatchUtils} -  Patched org.wso2.carbon.tomcat.ext_4.2.0.jar(MD5:c5e086e751732f9abeccf7c9f7bbbbbd)
[2014-09-24 15:41:30,279]  INFO {org.wso2.carbon.server.util.PatchUtils} -  Patched org.wso2.carbon.tomcat_4.2.0.jar(MD5:41fdaf9d98224ab34ab1982e91e184a5)
[2014-09-24 15:41:30,284]  INFO {org.wso2.carbon.server.util.PatchUtils} -  Patched org.wso2.carbon.user.core_4.2.0.jar(MD5:da755deac51edc3a9b06bdb67993f218)
[2014-09-24 15:41:30,288]  INFO {org.wso2.carbon.server.util.PatchUtils} -  Patched org.wso2.carbon.utils_4.2.0.jar(MD5:a806a9cc8d132794dfcbfbc7d743e915)
[2014-09-24 15:41:30,311]  INFO {org.wso2.carbon.server.util.PatchUtils} -  Patched wss4j_1.5.11.wso2v6.jar(MD5:6af11b00c0d4c20c933454cdc4346522)
[2014-09-24 15:41:30,398]  INFO {org.wso2.carbon.server.util.PatchUtils} -  Patched axis2_1.6.1.wso2v10.jar(MD5:3b297ce1e609817bd52e52407867da66)
[2014-09-24 15:41:30,412]  INFO {org.wso2.carbon.server.util.PatchUtils} -  Patched axiom_1.2.11.wso2v4.jar(MD5:d0b5b01650ca4faae96a54bbc733441f)
[2014-09-24 15:41:30,414]  INFO {org.wso2.carbon.server.util.PatchUtils} -  Patched org.wso2.carbon.application.deployer_4.2.0.jar(MD5:c620fa278f44b8b338a6511824cb4d9c)
[2014-09-24 15:41:30,421]  INFO {org.wso2.carbon.server.util.PatchUtils} -  Patched org.wso2.carbon.registry.core_4.2.0.jar(MD5:94f2340a1e11a67d9e5d2927b1d8fbdb)
[2014-09-24 15:41:30,424]  INFO {org.wso2.carbon.server.util.PatchUtils} -  Patched httpcore_4.3.0.wso2v1.jar(MD5:4db3b86a7a814670c8b1ae9eeb27b7d4)
[2014-09-24 15:41:30,427]  INFO {org.wso2.carbon.server.util.PatchUtils} -  Patched org.wso2.carbon.core.services._4.2.0.jar(MD5:b6e7fac5646a39c464683ad84490d786)
[2014-09-24 15:41:30,430]  INFO {org.wso2.carbon.server.util.PatchUtils} -  Patched axis2-transport-jms_1.1.0.wso2v9.jar(MD5:b5a82def11563b9c293474526c7f02f6)
[2014-09-24 15:41:30,430]  INFO {org.wso2.carbon.server.util.PatchUtils} -  Applying - patch0002
[2014-09-24 15:41:30,441]  INFO {org.wso2.carbon.server.util.PatchUtils} -  Patched org.wso2.carbon.core_4.2.0.jar(MD5:c61b095a142496add085aea43547d080)
[2014-09-24 15:41:30,445]  INFO {org.wso2.carbon.server.util.PatchUtils} -  Patched org.wso2.carbon.utils_4.2.0.jar(MD5:a8912d38cc2bebea6861172f983702dd)
[2014-09-24 15:41:30,466]  INFO {org.wso2.carbon.server.util.PatchUtils} -  Patched wss4j_1.5.11.wso2v6.jar(MD5:edad51f64498d5a03781882fc268f8e7)
[2014-09-24 15:41:30,581]  INFO {org.wso2.carbon.server.util.PatchUtils} -  Patched axis2_1.6.1.wso2v10.jar(MD5:ed4438f4a21438dbfdc7a44509e6db9a)
[2014-09-24 15:41:30,583]  INFO {org.wso2.carbon.server.util.PatchUtils} -  Patched org.wso2.carbon.application.deployer_4.2.0.jar(MD5:3bdfd228ef139ba0d7cdac38fe417dd4)
[2014-09-24 15:41:30,584]  INFO {org.wso2.carbon.server.util.PatchUtils} -  Patched org.wso2.carbon.core.services_4.2.0.jar(MD5:c1c5c3b392514d50c6fecb5d7283192b)
[2014-09-24 15:41:30,586]  INFO {org.wso2.carbon.server.util.PatchUtils} -  Patched axis2-transport-jms_1.1.0.wso2v9.jar(MD5:e278aa1875a65d68622c576a5d0b27b4)
[2014-09-24 15:41:30,586]  INFO {org.wso2.carbon.server.util.PatchUtils} -  Applying - patch0003
[2014-09-24 15:41:30,588]  INFO {org.wso2.carbon.server.util.PatchUtils} -  Patched jdbc-pool_7.0.34.wso2v1.jar(MD5:d097808a51bd2e71217e3ac7f08b5f8e)
[2014-09-24 15:41:30,624]  INFO {org.wso2.carbon.server.util.PatchUtils} -  Patched poi-ooxml-3.9.0.wso2v1.jar(MD5:e9c2671429741c6ec5f71e9d2a256d15)
[2014-09-24 15:41:30,627]  INFO {org.wso2.carbon.server.util.PatchUtils} -  Patched org.wso2.carbon.user.core_4.2.0.jar(MD5:1ebac7188194807c4a78b70cc0afff23)
[2014-09-24 15:41:30,631]  INFO {org.wso2.carbon.server.util.PatchUtils} -  Patched org.wso2.carbon.utils_4.2.0.jar(MD5:9ffcf40459c9766c2ecc5791fa052835)
[2014-09-24 15:41:30,632]  INFO {org.wso2.carbon.server.util.PatchUtils} -  Patched org.wso2.carbon.ndatasource.rdbms_4.2.0.jar(MD5:5383dcb8be503a28e6029d47c87fea31)
[2014-09-24 15:41:30,634]  INFO {org.wso2.carbon.server.util.PatchUtils} -  Patched org.wso2.carbon.ndatasource.core_4.2.0.jar(MD5:6b0aedfc978acc19555fc064bcb4fd3a)
[2014-09-24 15:41:30,634]  INFO {org.wso2.carbon.server.util.PatchUtils} -  Applying - patch0004
[2014-09-24 15:41:30,648]  INFO {org.wso2.carbon.server.util.PatchUtils} -  Patched org.wso2.carbon.core_4.2.0.jar(MD5:9995a5f3f6734f43897efbadbc72a394)
[2014-09-24 15:41:30,652]  INFO {org.wso2.carbon.server.util.PatchUtils} -  Patched org.wso2.carbon.user.core_4.2.0.jar(MD5:05fc5bb622873b63c9dc01c68fbfa495)
[2014-09-24 15:41:30,655]  INFO {org.wso2.carbon.server.util.PatchUtils} -  Patched org.wso2.carbon.utils_4.2.0.jar(MD5:7ffda5844be79759fa20527f74f8a25b)
[2014-09-24 15:41:30,657]  INFO {org.wso2.carbon.server.util.PatchUtils} -  Patched org.wso2.carbon.application.deployer_4.2.0.jar(MD5:9eb5941ec36256628f0f2b51bdda4e24)
[2014-09-24 15:41:30,679]  INFO {org.wso2.carbon.server.util.PatchUtils} -  Patched org.wso2.carbon.ui_4.2.0.jar(MD5:c48da3458e67df3608c811a8241cfe2f)
[2014-09-24 15:41:30,681]  INFO {org.wso2.carbon.server.util.PatchUtils} -  Patched org.wso2.carbon.core.services_4.2.0.jar(MD5:ede997bffff7876c9763ed036257ecf0)
[2014-09-24 15:41:30,681]  INFO {org.wso2.carbon.server.util.PatchUtils} -  Applying - patch0005
[2014-09-24 15:41:30,694]  INFO {org.wso2.carbon.server.util.PatchUtils} -  Patched org.wso2.carbon.core_4.2.0.jar(MD5:8555e28af516f0e454161966c5304f37)
[2014-09-24 15:41:30,698]  INFO {org.wso2.carbon.server.util.PatchUtils} -  Patched org.wso2.carbon.user.core_4.2.0.jar(MD5:06b0114543724b03d2412b5dc718b62a)
[2014-09-24 15:41:30,701]  INFO {org.wso2.carbon.server.util.PatchUtils} -  Patched XmlSchema_1.4.7.wso2v2.jar(MD5:589debc5e3c3855c52c8a5405cedd192)
[2014-09-24 15:41:30,771]  INFO {org.wso2.carbon.server.util.PatchUtils} -  Patched axis2_1.6.1.wso2v10.jar(MD5:221d96712526f1a0939fb9bcba60e519)
[2014-09-24 15:41:30,773]  INFO {org.wso2.carbon.server.util.PatchUtils} -  Patched org.wso2.carbon.application.deployer_4.2.0.jar(MD5:1ca5aaff5169cd77532b8630fbdc45e3)
[2014-09-24 15:41:30,775]  INFO {org.wso2.carbon.server.util.PatchUtils} -  Patched axis2-transport-jms_1.1.0.wso2v9.jar(MD5:711e43edba133140e20f50ba9c0fa46c)
[2014-09-24 15:41:30,855]  INFO {org.wso2.carbon.server.util.PatchUtils} -  Patch verification started
[2014-09-24 15:41:31,185]  INFO {org.wso2.carbon.server.util.PatchUtils} -  Patch verification successfully completed without encountering any issues
