!SESSION 2014-09-24 15:41:39.678 -----------------------------------------------
eclipse.buildId=unknown
java.version=1.7.0_25
java.vendor=Oracle Corporation
BootLoader constants: OS=linux, ARCH=x86_64, WS=gtk, NL=en_US

!ENTRY org.wso2.carbon.rule.backend 4 0 2014-09-24 15:41:39.679
!MESSAGE [SCR] Found components with duplicated names inside their bundle! This component will not be processed: Component[
	name = ruleService.component
	factory = null
	autoenable = true
	immediate = true
	implementation = org.wso2.carbon.rule.backend.drools.ds.RuleServiceDS
	state = Unsatisfied
	properties = {service.pid=ruleService.component}
	serviceFactory = false
	serviceInterface = null
	references = {
		Reference[name = registry.service, interface = org.wso2.carbon.registry.core.service.RegistryService, policy = dynamic, cardinality = 1..1, target = null, bind = setRegistryService, unbind = unsetRegistryService]
	}
	located in bundle = org.wso2.carbon.rule.backend_4.2.0 [410]
] 

!ENTRY org.wso2.carbon.rule.backend 4 0 2014-09-24 15:41:39.679
!MESSAGE [SCR] Found components with duplicated names inside their bundle! This component will not be processed: Component[
	name = ruleService.component
	factory = null
	autoenable = true
	immediate = true
	implementation = org.wso2.carbon.rule.backend.drools.ds.RuleServiceDS
	state = Unsatisfied
	properties = {service.pid=ruleService.component}
	serviceFactory = false
	serviceInterface = null
	references = {
		Reference[name = registry.service, interface = org.wso2.carbon.registry.core.service.RegistryService, policy = dynamic, cardinality = 1..1, target = null, bind = setRegistryService, unbind = unsetRegistryService]
	}
	located in bundle = org.wso2.carbon.rule.backend_4.2.0 [410]
] 

!ENTRY org.wso2.carbon.sequences 2 0 2014-09-24 15:41:40.177
!MESSAGE [SCR] Found components with duplicated names! Details: 
Component1 : Component[
	name = org.wso2.carbon.sequences
	factory = null
	autoenable = true
	immediate = true
	implementation = org.wso2.carbon.sequences.internal.SequenceEditorServiceComponent
	state = Unsatisfied
	properties = {service.pid=org.wso2.carbon.sequences}
	serviceFactory = false
	serviceInterface = null
	references = {
		Reference[name = configuration.context.service, interface = org.wso2.carbon.utils.ConfigurationContextService, policy = dynamic, cardinality = 1..1, target = null, bind = setConfigurationContextService, unbind = unsetConfigurationContextService]
		Reference[name = synapse.config.service, interface = org.wso2.carbon.mediation.initializer.services.SynapseConfigurationService, policy = dynamic, cardinality = 1..1, target = null, bind = setSynapseConfigurationService, unbind = unsetSynapseConfigurationService]
		Reference[name = synapse.env.service, interface = org.wso2.carbon.mediation.initializer.services.SynapseEnvironmentService, policy = dynamic, cardinality = 1..n, target = null, bind = setSynapseEnvironmentService, unbind = unsetSynapseEnvironmentService]
		Reference[name = registry.service, interface = org.wso2.carbon.registry.core.service.RegistryService, policy = dynamic, cardinality = 1..1, target = null, bind = setRegistryService, unbind = unsetRegistryService]
		Reference[name = dependency.mgt.service, interface = org.wso2.carbon.mediation.dependency.mgt.services.DependencyManagementService, policy = dynamic, cardinality = 0..1, target = null, bind = setDependencyManager, unbind = unsetDependencyManager]
		Reference[name = synapse.registrations.service, interface = org.wso2.carbon.mediation.initializer.services.SynapseRegistrationsService, policy = dynamic, cardinality = 1..n, target = null, bind = setSynapseRegistrationsService, unbind = unsetSynapseRegistrationsService]
	}
	located in bundle = org.wso2.carbon.sequences_4.2.0 [419]
]
Component2: Component[
	name = org.wso2.carbon.sequences
	factory = null
	autoenable = true
	immediate = true
	implementation = org.wso2.carbon.mediation.configadmin.ConfigAdminServiceComponent
	state = Unsatisfied
	properties = {service.pid=org.wso2.carbon.sequences}
	serviceFactory = false
	serviceInterface = null
	references = {
		Reference[name = synapse.registrations.service, interface = org.wso2.carbon.mediation.initializer.services.SynapseRegistrationsService, policy = dynamic, cardinality = 1..n, target = null, bind = setSynapseRegistrationsService, unbind = unsetSynapseRegistrationsService]
		Reference[name = config.tracking.service, interface = org.wso2.carbon.mediation.dependency.mgt.services.ConfigurationTrackingService, policy = dynamic, cardinality = 1..1, target = null, bind = setConfigTrackingService, unbind = unsetConfigTrackingService]
	}
	located in bundle = org.wso2.carbon.mediation.configadmin_4.2.0 [246]
]  

!ENTRY org.wso2.carbon.mediation.initializer 4 0 2014-09-24 15:42:55.473
!MESSAGE [SCR] Error while attempting to deactivate instance of component Component[
	name = esb.core.initializer
	factory = null
	autoenable = true
	immediate = true
	implementation = org.wso2.carbon.mediation.initializer.ServiceBusInitializer
	state = Unsatisfied
	properties = {service.pid=esb.core.initializer}
	serviceFactory = false
	serviceInterface = null
	references = {
		Reference[name = registry.service, interface = org.wso2.carbon.registry.core.service.RegistryService, policy = dynamic, cardinality = 1..1, target = null, bind = setRegistryService, unbind = unsetRegistryService]
		Reference[name = config.context.service, interface = org.wso2.carbon.utils.ConfigurationContextService, policy = dynamic, cardinality = 1..1, target = null, bind = setConfigurationContextService, unbind = unsetConfigurationContextService]
		Reference[name = application.manager, interface = org.wso2.carbon.application.deployer.service.ApplicationManagerService, policy = dynamic, cardinality = 1..1, target = null, bind = setAppManager, unbind = unsetAppManager]
		Reference[name = synapse.registry.service, interface = org.wso2.carbon.mediation.registry.services.SynapseRegistryService, policy = dynamic, cardinality = 1..1, target = null, bind = setSynapseRegistryService, unbind = unsetSynapseRegistryService]
		Reference[name = datasource.information.repository.service, interface = org.wso2.carbon.datasource.DataSourceInformationRepositoryService, policy = dynamic, cardinality = 1..1, target = null, bind = setDataSourceInformationRepositoryService, unbind = unsetDataSourceInformationRepositoryService]
		Reference[name = task.description.repository.service, interface = org.wso2.carbon.task.services.TaskDescriptionRepositoryService, policy = dynamic, cardinality = 1..1, target = null, bind = setTaskDescriptionRepositoryService, unbind = unsetTaskDescriptionRepositoryService]
		Reference[name = task.scheduler.service, interface = org.wso2.carbon.task.services.TaskSchedulerService, policy = dynamic, cardinality = 1..1, target = null, bind = setTaskSchedulerService, unbind = unsetTaskSchedulerService]
		Reference[name = secret.callback.handler.service, interface = org.wso2.carbon.securevault.SecretCallbackHandlerService, policy = dynamic, cardinality = 1..1, target = null, bind = setSecretCallbackHandlerService, unbind = unsetSecretCallbackHandlerService]
		Reference[name = config.tracking.service, interface = org.wso2.carbon.mediation.dependency.mgt.services.ConfigurationTrackingService, policy = dynamic, cardinality = 1..1, target = null, bind = setConfigTrackingService, unbind = unsetConfigTrackingService]
		Reference[name = eventbroker.service, interface = org.wso2.carbon.event.core.EventBroker, policy = dynamic, cardinality = 1..1, target = null, bind = setEventBroker, unbind = unSetEventBroker]
	}
	located in bundle = org.wso2.carbon.mediation.initializer_4.2.2 [250]
]
!STACK 0
java.lang.reflect.InvocationTargetException
	at sun.reflect.NativeMethodAccessorImpl.invoke0(Native Method)
	at sun.reflect.NativeMethodAccessorImpl.invoke(NativeMethodAccessorImpl.java:57)
	at sun.reflect.DelegatingMethodAccessorImpl.invoke(DelegatingMethodAccessorImpl.java:43)
	at java.lang.reflect.Method.invoke(Method.java:606)
	at org.eclipse.equinox.internal.ds.model.ServiceComponent.deactivate(ServiceComponent.java:387)
	at org.eclipse.equinox.internal.ds.model.ServiceComponentProp.deactivate(ServiceComponentProp.java:161)
	at org.eclipse.equinox.internal.ds.model.ServiceComponentProp.dispose(ServiceComponentProp.java:389)
	at org.eclipse.equinox.internal.ds.model.ServiceComponentProp.dispose(ServiceComponentProp.java:102)
	at org.eclipse.equinox.internal.ds.InstanceProcess.disposeInstances(InstanceProcess.java:344)
	at org.eclipse.equinox.internal.ds.InstanceProcess.disposeInstances(InstanceProcess.java:306)
	at org.eclipse.equinox.internal.ds.Resolver.getEligible(Resolver.java:368)
	at org.eclipse.equinox.internal.ds.SCRManager.serviceChanged(SCRManager.java:222)
	at org.eclipse.osgi.internal.serviceregistry.FilteredServiceListener.serviceChanged(FilteredServiceListener.java:107)
	at org.eclipse.osgi.framework.internal.core.BundleContextImpl.dispatchEvent(BundleContextImpl.java:861)
	at org.eclipse.osgi.framework.eventmgr.EventManager.dispatchEvent(EventManager.java:230)
	at org.eclipse.osgi.framework.eventmgr.ListenerQueue.dispatchEventSynchronous(ListenerQueue.java:148)
	at org.eclipse.osgi.internal.serviceregistry.ServiceRegistry.publishServiceEventPrivileged(ServiceRegistry.java:819)
	at org.eclipse.osgi.internal.serviceregistry.ServiceRegistry.publishServiceEvent(ServiceRegistry.java:771)
	at org.eclipse.osgi.internal.serviceregistry.ServiceRegistrationImpl.unregister(ServiceRegistrationImpl.java:225)
	at org.eclipse.osgi.internal.serviceregistry.ServiceRegistry.unregisterServices(ServiceRegistry.java:635)
	at org.eclipse.osgi.framework.internal.core.BundleContextImpl.close(BundleContextImpl.java:88)
	at org.eclipse.osgi.framework.internal.core.BundleHost.stopWorker(BundleHost.java:514)
	at org.eclipse.osgi.framework.internal.core.AbstractBundle.suspend(AbstractBundle.java:566)
	at org.eclipse.osgi.framework.internal.core.Framework.suspendBundle(Framework.java:1206)
	at org.eclipse.osgi.framework.internal.core.StartLevelManager.decFWSL(StartLevelManager.java:592)
	at org.eclipse.osgi.framework.internal.core.StartLevelManager.doSetStartLevel(StartLevelManager.java:257)
	at org.eclipse.osgi.framework.internal.core.StartLevelManager.shutdown(StartLevelManager.java:215)
	at org.eclipse.osgi.framework.internal.core.InternalSystemBundle.suspend(InternalSystemBundle.java:284)
	at org.eclipse.osgi.framework.internal.core.Framework.shutdown(Framework.java:692)
	at org.eclipse.osgi.framework.internal.core.Framework.close(Framework.java:600)
	at org.eclipse.core.runtime.adaptor.EclipseStarter.shutdown(EclipseStarter.java:399)
	at org.wso2.carbon.core.init.CarbonServerManager.shutdown(CarbonServerManager.java:849)
	at org.wso2.carbon.server.admin.service.ServerAdmin$3.run(ServerAdmin.java:244)
Caused by: java.lang.NullPointerException
	at org.apache.synapse.commons.beanstalk.enterprise.EnterpriseBeanstalkManager.destroy(EnterpriseBeanstalkManager.java:141)
	at org.apache.synapse.Axis2SynapseController.stop(Axis2SynapseController.java:320)
	at org.apache.synapse.ServerManager.stop(ServerManager.java:274)
	at org.wso2.carbon.mediation.initializer.ServiceBusInitializer.deactivate(ServiceBusInitializer.java:260)
	... 33 more
Root exception:
java.lang.NullPointerException
	at org.apache.synapse.commons.beanstalk.enterprise.EnterpriseBeanstalkManager.destroy(EnterpriseBeanstalkManager.java:141)
	at org.apache.synapse.Axis2SynapseController.stop(Axis2SynapseController.java:320)
	at org.apache.synapse.ServerManager.stop(ServerManager.java:274)
	at org.wso2.carbon.mediation.initializer.ServiceBusInitializer.deactivate(ServiceBusInitializer.java:260)
	at sun.reflect.NativeMethodAccessorImpl.invoke0(Native Method)
	at sun.reflect.NativeMethodAccessorImpl.invoke(NativeMethodAccessorImpl.java:57)
	at sun.reflect.DelegatingMethodAccessorImpl.invoke(DelegatingMethodAccessorImpl.java:43)
	at java.lang.reflect.Method.invoke(Method.java:606)
	at org.eclipse.equinox.internal.ds.model.ServiceComponent.deactivate(ServiceComponent.java:387)
	at org.eclipse.equinox.internal.ds.model.ServiceComponentProp.deactivate(ServiceComponentProp.java:161)
	at org.eclipse.equinox.internal.ds.model.ServiceComponentProp.dispose(ServiceComponentProp.java:389)
	at org.eclipse.equinox.internal.ds.model.ServiceComponentProp.dispose(ServiceComponentProp.java:102)
	at org.eclipse.equinox.internal.ds.InstanceProcess.disposeInstances(InstanceProcess.java:344)
	at org.eclipse.equinox.internal.ds.InstanceProcess.disposeInstances(InstanceProcess.java:306)
	at org.eclipse.equinox.internal.ds.Resolver.getEligible(Resolver.java:368)
	at org.eclipse.equinox.internal.ds.SCRManager.serviceChanged(SCRManager.java:222)
	at org.eclipse.osgi.internal.serviceregistry.FilteredServiceListener.serviceChanged(FilteredServiceListener.java:107)
	at org.eclipse.osgi.framework.internal.core.BundleContextImpl.dispatchEvent(BundleContextImpl.java:861)
	at org.eclipse.osgi.framework.eventmgr.EventManager.dispatchEvent(EventManager.java:230)
	at org.eclipse.osgi.framework.eventmgr.ListenerQueue.dispatchEventSynchronous(ListenerQueue.java:148)
	at org.eclipse.osgi.internal.serviceregistry.ServiceRegistry.publishServiceEventPrivileged(ServiceRegistry.java:819)
	at org.eclipse.osgi.internal.serviceregistry.ServiceRegistry.publishServiceEvent(ServiceRegistry.java:771)
	at org.eclipse.osgi.internal.serviceregistry.ServiceRegistrationImpl.unregister(ServiceRegistrationImpl.java:225)
	at org.eclipse.osgi.internal.serviceregistry.ServiceRegistry.unregisterServices(ServiceRegistry.java:635)
	at org.eclipse.osgi.framework.internal.core.BundleContextImpl.close(BundleContextImpl.java:88)
	at org.eclipse.osgi.framework.internal.core.BundleHost.stopWorker(BundleHost.java:514)
	at org.eclipse.osgi.framework.internal.core.AbstractBundle.suspend(AbstractBundle.java:566)
	at org.eclipse.osgi.framework.internal.core.Framework.suspendBundle(Framework.java:1206)
	at org.eclipse.osgi.framework.internal.core.StartLevelManager.decFWSL(StartLevelManager.java:592)
	at org.eclipse.osgi.framework.internal.core.StartLevelManager.doSetStartLevel(StartLevelManager.java:257)
	at org.eclipse.osgi.framework.internal.core.StartLevelManager.shutdown(StartLevelManager.java:215)
	at org.eclipse.osgi.framework.internal.core.InternalSystemBundle.suspend(InternalSystemBundle.java:284)
	at org.eclipse.osgi.framework.internal.core.Framework.shutdown(Framework.java:692)
	at org.eclipse.osgi.framework.internal.core.Framework.close(Framework.java:600)
	at org.eclipse.core.runtime.adaptor.EclipseStarter.shutdown(EclipseStarter.java:399)
	at org.wso2.carbon.core.init.CarbonServerManager.shutdown(CarbonServerManager.java:849)
	at org.wso2.carbon.server.admin.service.ServerAdmin$3.run(ServerAdmin.java:244)

!ENTRY org.wso2.carbon.mediation.initializer 4 0 2014-09-24 15:42:55.479
!MESSAGE [SCR] Error while attempting to deactivate instance of component Component[
	name = esb.core.initializer
	factory = null
	autoenable = true
	immediate = true
	implementation = org.wso2.carbon.mediation.initializer.ServiceBusInitializer
	state = Unsatisfied
	properties = {service.pid=esb.core.initializer}
	serviceFactory = false
	serviceInterface = null
	references = {
		Reference[name = registry.service, interface = org.wso2.carbon.registry.core.service.RegistryService, policy = dynamic, cardinality = 1..1, target = null, bind = setRegistryService, unbind = unsetRegistryService]
		Reference[name = config.context.service, interface = org.wso2.carbon.utils.ConfigurationContextService, policy = dynamic, cardinality = 1..1, target = null, bind = setConfigurationContextService, unbind = unsetConfigurationContextService]
		Reference[name = application.manager, interface = org.wso2.carbon.application.deployer.service.ApplicationManagerService, policy = dynamic, cardinality = 1..1, target = null, bind = setAppManager, unbind = unsetAppManager]
		Reference[name = synapse.registry.service, interface = org.wso2.carbon.mediation.registry.services.SynapseRegistryService, policy = dynamic, cardinality = 1..1, target = null, bind = setSynapseRegistryService, unbind = unsetSynapseRegistryService]
		Reference[name = datasource.information.repository.service, interface = org.wso2.carbon.datasource.DataSourceInformationRepositoryService, policy = dynamic, cardinality = 1..1, target = null, bind = setDataSourceInformationRepositoryService, unbind = unsetDataSourceInformationRepositoryService]
		Reference[name = task.description.repository.service, interface = org.wso2.carbon.task.services.TaskDescriptionRepositoryService, policy = dynamic, cardinality = 1..1, target = null, bind = setTaskDescriptionRepositoryService, unbind = unsetTaskDescriptionRepositoryService]
		Reference[name = task.scheduler.service, interface = org.wso2.carbon.task.services.TaskSchedulerService, policy = dynamic, cardinality = 1..1, target = null, bind = setTaskSchedulerService, unbind = unsetTaskSchedulerService]
		Reference[name = secret.callback.handler.service, interface = org.wso2.carbon.securevault.SecretCallbackHandlerService, policy = dynamic, cardinality = 1..1, target = null, bind = setSecretCallbackHandlerService, unbind = unsetSecretCallbackHandlerService]
		Reference[name = config.tracking.service, interface = org.wso2.carbon.mediation.dependency.mgt.services.ConfigurationTrackingService, policy = dynamic, cardinality = 1..1, target = null, bind = setConfigTrackingService, unbind = unsetConfigTrackingService]
		Reference[name = eventbroker.service, interface = org.wso2.carbon.event.core.EventBroker, policy = dynamic, cardinality = 1..1, target = null, bind = setEventBroker, unbind = unSetEventBroker]
	}
	located in bundle = org.wso2.carbon.mediation.initializer_4.2.2 [250]
]
!STACK 0
java.lang.reflect.InvocationTargetException
	at sun.reflect.NativeMethodAccessorImpl.invoke0(Native Method)
	at sun.reflect.NativeMethodAccessorImpl.invoke(NativeMethodAccessorImpl.java:57)
	at sun.reflect.DelegatingMethodAccessorImpl.invoke(DelegatingMethodAccessorImpl.java:43)
	at java.lang.reflect.Method.invoke(Method.java:606)
	at org.eclipse.equinox.internal.ds.model.ServiceComponent.deactivate(ServiceComponent.java:387)
	at org.eclipse.equinox.internal.ds.model.ServiceComponentProp.deactivate(ServiceComponentProp.java:161)
	at org.eclipse.equinox.internal.ds.model.ServiceComponentProp.dispose(ServiceComponentProp.java:389)
	at org.eclipse.equinox.internal.ds.model.ServiceComponentProp.dispose(ServiceComponentProp.java:102)
	at org.eclipse.equinox.internal.ds.InstanceProcess.disposeInstances(InstanceProcess.java:344)
	at org.eclipse.equinox.internal.ds.InstanceProcess.disposeInstances(InstanceProcess.java:306)
	at org.eclipse.equinox.internal.ds.Resolver.getEligible(Resolver.java:368)
	at org.eclipse.equinox.internal.ds.SCRManager.serviceChanged(SCRManager.java:222)
	at org.eclipse.osgi.internal.serviceregistry.FilteredServiceListener.serviceChanged(FilteredServiceListener.java:107)
	at org.eclipse.osgi.framework.internal.core.BundleContextImpl.dispatchEvent(BundleContextImpl.java:861)
	at org.eclipse.osgi.framework.eventmgr.EventManager.dispatchEvent(EventManager.java:230)
	at org.eclipse.osgi.framework.eventmgr.ListenerQueue.dispatchEventSynchronous(ListenerQueue.java:148)
	at org.eclipse.osgi.internal.serviceregistry.ServiceRegistry.publishServiceEventPrivileged(ServiceRegistry.java:819)
	at org.eclipse.osgi.internal.serviceregistry.ServiceRegistry.publishServiceEvent(ServiceRegistry.java:771)
	at org.eclipse.osgi.internal.serviceregistry.ServiceRegistrationImpl.unregister(ServiceRegistrationImpl.java:225)
	at org.eclipse.osgi.internal.serviceregistry.ServiceRegistry.unregisterServices(ServiceRegistry.java:635)
	at org.eclipse.osgi.framework.internal.core.BundleContextImpl.close(BundleContextImpl.java:88)
	at org.eclipse.osgi.framework.internal.core.BundleHost.stopWorker(BundleHost.java:514)
	at org.eclipse.osgi.framework.internal.core.AbstractBundle.suspend(AbstractBundle.java:566)
	at org.eclipse.osgi.framework.internal.core.Framework.suspendBundle(Framework.java:1206)
	at org.eclipse.osgi.framework.internal.core.StartLevelManager.decFWSL(StartLevelManager.java:592)
	at org.eclipse.osgi.framework.internal.core.StartLevelManager.doSetStartLevel(StartLevelManager.java:257)
	at org.eclipse.osgi.framework.internal.core.StartLevelManager.shutdown(StartLevelManager.java:215)
	at org.eclipse.osgi.framework.internal.core.InternalSystemBundle.suspend(InternalSystemBundle.java:284)
	at org.eclipse.osgi.framework.internal.core.Framework.shutdown(Framework.java:692)
	at org.eclipse.osgi.framework.internal.core.Framework.close(Framework.java:600)
	at org.eclipse.core.runtime.adaptor.EclipseStarter.shutdown(EclipseStarter.java:399)
	at org.wso2.carbon.core.init.CarbonServerManager.shutdown(CarbonServerManager.java:849)
	at org.wso2.carbon.server.admin.service.ServerAdmin$3.run(ServerAdmin.java:244)
Caused by: java.lang.NullPointerException
	at org.apache.synapse.commons.beanstalk.enterprise.EnterpriseBeanstalkManager.destroy(EnterpriseBeanstalkManager.java:141)
	at org.apache.synapse.Axis2SynapseController.stop(Axis2SynapseController.java:320)
	at org.apache.synapse.ServerManager.stop(ServerManager.java:274)
	at org.wso2.carbon.mediation.initializer.ServiceBusInitializer.deactivate(ServiceBusInitializer.java:260)
	... 33 more
Root exception:
java.lang.NullPointerException
	at org.apache.synapse.commons.beanstalk.enterprise.EnterpriseBeanstalkManager.destroy(EnterpriseBeanstalkManager.java:141)
	at org.apache.synapse.Axis2SynapseController.stop(Axis2SynapseController.java:320)
	at org.apache.synapse.ServerManager.stop(ServerManager.java:274)
	at org.wso2.carbon.mediation.initializer.ServiceBusInitializer.deactivate(ServiceBusInitializer.java:260)
	at sun.reflect.NativeMethodAccessorImpl.invoke0(Native Method)
	at sun.reflect.NativeMethodAccessorImpl.invoke(NativeMethodAccessorImpl.java:57)
	at sun.reflect.DelegatingMethodAccessorImpl.invoke(DelegatingMethodAccessorImpl.java:43)
	at java.lang.reflect.Method.invoke(Method.java:606)
	at org.eclipse.equinox.internal.ds.model.ServiceComponent.deactivate(ServiceComponent.java:387)
	at org.eclipse.equinox.internal.ds.model.ServiceComponentProp.deactivate(ServiceComponentProp.java:161)
	at org.eclipse.equinox.internal.ds.model.ServiceComponentProp.dispose(ServiceComponentProp.java:389)
	at org.eclipse.equinox.internal.ds.model.ServiceComponentProp.dispose(ServiceComponentProp.java:102)
	at org.eclipse.equinox.internal.ds.InstanceProcess.disposeInstances(InstanceProcess.java:344)
	at org.eclipse.equinox.internal.ds.InstanceProcess.disposeInstances(InstanceProcess.java:306)
	at org.eclipse.equinox.internal.ds.Resolver.getEligible(Resolver.java:368)
	at org.eclipse.equinox.internal.ds.SCRManager.serviceChanged(SCRManager.java:222)
	at org.eclipse.osgi.internal.serviceregistry.FilteredServiceListener.serviceChanged(FilteredServiceListener.java:107)
	at org.eclipse.osgi.framework.internal.core.BundleContextImpl.dispatchEvent(BundleContextImpl.java:861)
	at org.eclipse.osgi.framework.eventmgr.EventManager.dispatchEvent(EventManager.java:230)
	at org.eclipse.osgi.framework.eventmgr.ListenerQueue.dispatchEventSynchronous(ListenerQueue.java:148)
	at org.eclipse.osgi.internal.serviceregistry.ServiceRegistry.publishServiceEventPrivileged(ServiceRegistry.java:819)
	at org.eclipse.osgi.internal.serviceregistry.ServiceRegistry.publishServiceEvent(ServiceRegistry.java:771)
	at org.eclipse.osgi.internal.serviceregistry.ServiceRegistrationImpl.unregister(ServiceRegistrationImpl.java:225)
	at org.eclipse.osgi.internal.serviceregistry.ServiceRegistry.unregisterServices(ServiceRegistry.java:635)
	at org.eclipse.osgi.framework.internal.core.BundleContextImpl.close(BundleContextImpl.java:88)
	at org.eclipse.osgi.framework.internal.core.BundleHost.stopWorker(BundleHost.java:514)
	at org.eclipse.osgi.framework.internal.core.AbstractBundle.suspend(AbstractBundle.java:566)
	at org.eclipse.osgi.framework.internal.core.Framework.suspendBundle(Framework.java:1206)
	at org.eclipse.osgi.framework.internal.core.StartLevelManager.decFWSL(StartLevelManager.java:592)
	at org.eclipse.osgi.framework.internal.core.StartLevelManager.doSetStartLevel(StartLevelManager.java:257)
	at org.eclipse.osgi.framework.internal.core.StartLevelManager.shutdown(StartLevelManager.java:215)
	at org.eclipse.osgi.framework.internal.core.InternalSystemBundle.suspend(InternalSystemBundle.java:284)
	at org.eclipse.osgi.framework.internal.core.Framework.shutdown(Framework.java:692)
	at org.eclipse.osgi.framework.internal.core.Framework.close(Framework.java:600)
	at org.eclipse.core.runtime.adaptor.EclipseStarter.shutdown(EclipseStarter.java:399)
	at org.wso2.carbon.core.init.CarbonServerManager.shutdown(CarbonServerManager.java:849)
	at org.wso2.carbon.server.admin.service.ServerAdmin$3.run(ServerAdmin.java:244)

!ENTRY org.wso2.carbon.bam.mediationstats.data.publisher 4 0 2014-09-24 15:42:55.860
!MESSAGE [SCR] Error while attempting to deactivate instance of component Component[
	name = org.wso2.carbon.bam.mediationstats.data.publisher
	factory = null
	autoenable = true
	immediate = true
	implementation = org.wso2.carbon.bam.mediationstats.data.publisher.internal.MediationStatisticsComponent
	state = Disabled
	properties = {service.pid=org.wso2.carbon.bam.mediationstats.data.publisher}
	serviceFactory = false
	serviceInterface = null
	references = {
		Reference[name = config.context.service, interface = org.wso2.carbon.utils.ConfigurationContextService, policy = dynamic, cardinality = 1..1, target = null, bind = setConfigurationContextService, unbind = unsetConfigurationContextService]
		Reference[name = server.configuration, interface = org.wso2.carbon.base.api.ServerConfigurationService, policy = dynamic, cardinality = 1..1, target = null, bind = setServerConfiguration, unbind = unsetServerConfiguration]
		Reference[name = org.wso2.carbon.registry.service, interface = org.wso2.carbon.registry.core.service.RegistryService, policy = dynamic, cardinality = 1..1, target = null, bind = setRegistryService, unbind = unsetRegistryService]
		Reference[name = synapse.env.service, interface = org.wso2.carbon.mediation.initializer.services.SynapseEnvironmentService, policy = dynamic, cardinality = 1..1, target = null, bind = setSynapseEnvironmentService, unbind = unsetSynapseEnvironmentService]
		Reference[name = mediation.statistics, interface = org.wso2.carbon.mediation.statistics.services.MediationStatisticsService, policy = dynamic, cardinality = 1..n, target = null, bind = setMediationStatisticsService, unbind = unsetMediationStatisticsService]
	}
	located in bundle = org.wso2.carbon.bam.mediationstats.data.publisher_4.2.1 [158]
]
!STACK 0
java.lang.reflect.InvocationTargetException
	at sun.reflect.NativeMethodAccessorImpl.invoke0(Native Method)
	at sun.reflect.NativeMethodAccessorImpl.invoke(NativeMethodAccessorImpl.java:57)
	at sun.reflect.DelegatingMethodAccessorImpl.invoke(DelegatingMethodAccessorImpl.java:43)
	at java.lang.reflect.Method.invoke(Method.java:606)
	at org.eclipse.equinox.internal.ds.model.ServiceComponent.deactivate(ServiceComponent.java:387)
	at org.eclipse.equinox.internal.ds.model.ServiceComponentProp.deactivate(ServiceComponentProp.java:161)
	at org.eclipse.equinox.internal.ds.model.ServiceComponentProp.dispose(ServiceComponentProp.java:389)
	at org.eclipse.equinox.internal.ds.model.ServiceComponentProp.dispose(ServiceComponentProp.java:102)
	at org.eclipse.equinox.internal.ds.InstanceProcess.disposeInstances(InstanceProcess.java:344)
	at org.eclipse.equinox.internal.ds.InstanceProcess.disposeInstances(InstanceProcess.java:306)
	at org.eclipse.equinox.internal.ds.Resolver.disposeComponentConfigs(Resolver.java:717)
	at org.eclipse.equinox.internal.ds.Resolver.disableComponents(Resolver.java:693)
	at org.eclipse.equinox.internal.ds.SCRManager.stoppingBundle(SCRManager.java:554)
	at org.eclipse.equinox.internal.ds.SCRManager.bundleChanged(SCRManager.java:233)
	at org.eclipse.osgi.framework.internal.core.BundleContextImpl.dispatchEvent(BundleContextImpl.java:847)
	at org.eclipse.osgi.framework.eventmgr.EventManager.dispatchEvent(EventManager.java:230)
	at org.eclipse.osgi.framework.eventmgr.ListenerQueue.dispatchEventSynchronous(ListenerQueue.java:148)
	at org.eclipse.osgi.framework.internal.core.Framework.publishBundleEventPrivileged(Framework.java:1568)
	at org.eclipse.osgi.framework.internal.core.Framework.publishBundleEvent(Framework.java:1504)
	at org.eclipse.osgi.framework.internal.core.Framework.publishBundleEvent(Framework.java:1499)
	at org.eclipse.osgi.framework.internal.core.BundleHost.stopWorker(BundleHost.java:506)
	at org.eclipse.osgi.framework.internal.core.AbstractBundle.suspend(AbstractBundle.java:566)
	at org.eclipse.osgi.framework.internal.core.Framework.suspendBundle(Framework.java:1206)
	at org.eclipse.osgi.framework.internal.core.StartLevelManager.decFWSL(StartLevelManager.java:592)
	at org.eclipse.osgi.framework.internal.core.StartLevelManager.doSetStartLevel(StartLevelManager.java:257)
	at org.eclipse.osgi.framework.internal.core.StartLevelManager.shutdown(StartLevelManager.java:215)
	at org.eclipse.osgi.framework.internal.core.InternalSystemBundle.suspend(InternalSystemBundle.java:284)
	at org.eclipse.osgi.framework.internal.core.Framework.shutdown(Framework.java:692)
	at org.eclipse.osgi.framework.internal.core.Framework.close(Framework.java:600)
	at org.eclipse.core.runtime.adaptor.EclipseStarter.shutdown(EclipseStarter.java:399)
	at org.wso2.carbon.core.init.CarbonServerManager.shutdown(CarbonServerManager.java:849)
	at org.wso2.carbon.server.admin.service.ServerAdmin$3.run(ServerAdmin.java:244)
Caused by: java.lang.NullPointerException
	at org.wso2.carbon.bam.mediationstats.data.publisher.internal.MediationStatisticsComponent.deactivate(MediationStatisticsComponent.java:123)
	... 32 more
Root exception:
java.lang.NullPointerException
	at org.wso2.carbon.bam.mediationstats.data.publisher.internal.MediationStatisticsComponent.deactivate(MediationStatisticsComponent.java:123)
	at sun.reflect.NativeMethodAccessorImpl.invoke0(Native Method)
	at sun.reflect.NativeMethodAccessorImpl.invoke(NativeMethodAccessorImpl.java:57)
	at sun.reflect.DelegatingMethodAccessorImpl.invoke(DelegatingMethodAccessorImpl.java:43)
	at java.lang.reflect.Method.invoke(Method.java:606)
	at org.eclipse.equinox.internal.ds.model.ServiceComponent.deactivate(ServiceComponent.java:387)
	at org.eclipse.equinox.internal.ds.model.ServiceComponentProp.deactivate(ServiceComponentProp.java:161)
	at org.eclipse.equinox.internal.ds.model.ServiceComponentProp.dispose(ServiceComponentProp.java:389)
	at org.eclipse.equinox.internal.ds.model.ServiceComponentProp.dispose(ServiceComponentProp.java:102)
	at org.eclipse.equinox.internal.ds.InstanceProcess.disposeInstances(InstanceProcess.java:344)
	at org.eclipse.equinox.internal.ds.InstanceProcess.disposeInstances(InstanceProcess.java:306)
	at org.eclipse.equinox.internal.ds.Resolver.disposeComponentConfigs(Resolver.java:717)
	at org.eclipse.equinox.internal.ds.Resolver.disableComponents(Resolver.java:693)
	at org.eclipse.equinox.internal.ds.SCRManager.stoppingBundle(SCRManager.java:554)
	at org.eclipse.equinox.internal.ds.SCRManager.bundleChanged(SCRManager.java:233)
	at org.eclipse.osgi.framework.internal.core.BundleContextImpl.dispatchEvent(BundleContextImpl.java:847)
	at org.eclipse.osgi.framework.eventmgr.EventManager.dispatchEvent(EventManager.java:230)
	at org.eclipse.osgi.framework.eventmgr.ListenerQueue.dispatchEventSynchronous(ListenerQueue.java:148)
	at org.eclipse.osgi.framework.internal.core.Framework.publishBundleEventPrivileged(Framework.java:1568)
	at org.eclipse.osgi.framework.internal.core.Framework.publishBundleEvent(Framework.java:1504)
	at org.eclipse.osgi.framework.internal.core.Framework.publishBundleEvent(Framework.java:1499)
	at org.eclipse.osgi.framework.internal.core.BundleHost.stopWorker(BundleHost.java:506)
	at org.eclipse.osgi.framework.internal.core.AbstractBundle.suspend(AbstractBundle.java:566)
	at org.eclipse.osgi.framework.internal.core.Framework.suspendBundle(Framework.java:1206)
	at org.eclipse.osgi.framework.internal.core.StartLevelManager.decFWSL(StartLevelManager.java:592)
	at org.eclipse.osgi.framework.internal.core.StartLevelManager.doSetStartLevel(StartLevelManager.java:257)
	at org.eclipse.osgi.framework.internal.core.StartLevelManager.shutdown(StartLevelManager.java:215)
	at org.eclipse.osgi.framework.internal.core.InternalSystemBundle.suspend(InternalSystemBundle.java:284)
	at org.eclipse.osgi.framework.internal.core.Framework.shutdown(Framework.java:692)
	at org.eclipse.osgi.framework.internal.core.Framework.close(Framework.java:600)
	at org.eclipse.core.runtime.adaptor.EclipseStarter.shutdown(EclipseStarter.java:399)
	at org.wso2.carbon.core.init.CarbonServerManager.shutdown(CarbonServerManager.java:849)
	at org.wso2.carbon.server.admin.service.ServerAdmin$3.run(ServerAdmin.java:244)

!ENTRY org.wso2.carbon.bam.mediationstats.data.publisher 4 0 2014-09-24 15:42:55.861
!MESSAGE [SCR] Error while attempting to deactivate instance of component Component[
	name = org.wso2.carbon.bam.mediationstats.data.publisher
	factory = null
	autoenable = true
	immediate = true
	implementation = org.wso2.carbon.bam.mediationstats.data.publisher.internal.MediationStatisticsComponent
	state = Disabled
	properties = {service.pid=org.wso2.carbon.bam.mediationstats.data.publisher}
	serviceFactory = false
	serviceInterface = null
	references = {
		Reference[name = config.context.service, interface = org.wso2.carbon.utils.ConfigurationContextService, policy = dynamic, cardinality = 1..1, target = null, bind = setConfigurationContextService, unbind = unsetConfigurationContextService]
		Reference[name = server.configuration, interface = org.wso2.carbon.base.api.ServerConfigurationService, policy = dynamic, cardinality = 1..1, target = null, bind = setServerConfiguration, unbind = unsetServerConfiguration]
		Reference[name = org.wso2.carbon.registry.service, interface = org.wso2.carbon.registry.core.service.RegistryService, policy = dynamic, cardinality = 1..1, target = null, bind = setRegistryService, unbind = unsetRegistryService]
		Reference[name = synapse.env.service, interface = org.wso2.carbon.mediation.initializer.services.SynapseEnvironmentService, policy = dynamic, cardinality = 1..1, target = null, bind = setSynapseEnvironmentService, unbind = unsetSynapseEnvironmentService]
		Reference[name = mediation.statistics, interface = org.wso2.carbon.mediation.statistics.services.MediationStatisticsService, policy = dynamic, cardinality = 1..n, target = null, bind = setMediationStatisticsService, unbind = unsetMediationStatisticsService]
	}
	located in bundle = org.wso2.carbon.bam.mediationstats.data.publisher_4.2.1 [158]
]
!STACK 0
java.lang.reflect.InvocationTargetException
	at sun.reflect.NativeMethodAccessorImpl.invoke0(Native Method)
	at sun.reflect.NativeMethodAccessorImpl.invoke(NativeMethodAccessorImpl.java:57)
	at sun.reflect.DelegatingMethodAccessorImpl.invoke(DelegatingMethodAccessorImpl.java:43)
	at java.lang.reflect.Method.invoke(Method.java:606)
	at org.eclipse.equinox.internal.ds.model.ServiceComponent.deactivate(ServiceComponent.java:387)
	at org.eclipse.equinox.internal.ds.model.ServiceComponentProp.deactivate(ServiceComponentProp.java:161)
	at org.eclipse.equinox.internal.ds.model.ServiceComponentProp.dispose(ServiceComponentProp.java:389)
	at org.eclipse.equinox.internal.ds.model.ServiceComponentProp.dispose(ServiceComponentProp.java:102)
	at org.eclipse.equinox.internal.ds.InstanceProcess.disposeInstances(InstanceProcess.java:344)
	at org.eclipse.equinox.internal.ds.InstanceProcess.disposeInstances(InstanceProcess.java:306)
	at org.eclipse.equinox.internal.ds.Resolver.disposeComponentConfigs(Resolver.java:717)
	at org.eclipse.equinox.internal.ds.Resolver.disableComponents(Resolver.java:693)
	at org.eclipse.equinox.internal.ds.SCRManager.stoppingBundle(SCRManager.java:554)
	at org.eclipse.equinox.internal.ds.SCRManager.bundleChanged(SCRManager.java:233)
	at org.eclipse.osgi.framework.internal.core.BundleContextImpl.dispatchEvent(BundleContextImpl.java:847)
	at org.eclipse.osgi.framework.eventmgr.EventManager.dispatchEvent(EventManager.java:230)
	at org.eclipse.osgi.framework.eventmgr.ListenerQueue.dispatchEventSynchronous(ListenerQueue.java:148)
	at org.eclipse.osgi.framework.internal.core.Framework.publishBundleEventPrivileged(Framework.java:1568)
	at org.eclipse.osgi.framework.internal.core.Framework.publishBundleEvent(Framework.java:1504)
	at org.eclipse.osgi.framework.internal.core.Framework.publishBundleEvent(Framework.java:1499)
	at org.eclipse.osgi.framework.internal.core.BundleHost.stopWorker(BundleHost.java:506)
	at org.eclipse.osgi.framework.internal.core.AbstractBundle.suspend(AbstractBundle.java:566)
	at org.eclipse.osgi.framework.internal.core.Framework.suspendBundle(Framework.java:1206)
	at org.eclipse.osgi.framework.internal.core.StartLevelManager.decFWSL(StartLevelManager.java:592)
	at org.eclipse.osgi.framework.internal.core.StartLevelManager.doSetStartLevel(StartLevelManager.java:257)
	at org.eclipse.osgi.framework.internal.core.StartLevelManager.shutdown(StartLevelManager.java:215)
	at org.eclipse.osgi.framework.internal.core.InternalSystemBundle.suspend(InternalSystemBundle.java:284)
	at org.eclipse.osgi.framework.internal.core.Framework.shutdown(Framework.java:692)
	at org.eclipse.osgi.framework.internal.core.Framework.close(Framework.java:600)
	at org.eclipse.core.runtime.adaptor.EclipseStarter.shutdown(EclipseStarter.java:399)
	at org.wso2.carbon.core.init.CarbonServerManager.shutdown(CarbonServerManager.java:849)
	at org.wso2.carbon.server.admin.service.ServerAdmin$3.run(ServerAdmin.java:244)
Caused by: java.lang.NullPointerException
	at org.wso2.carbon.bam.mediationstats.data.publisher.internal.MediationStatisticsComponent.deactivate(MediationStatisticsComponent.java:123)
	... 32 more
Root exception:
java.lang.NullPointerException
	at org.wso2.carbon.bam.mediationstats.data.publisher.internal.MediationStatisticsComponent.deactivate(MediationStatisticsComponent.java:123)
	at sun.reflect.NativeMethodAccessorImpl.invoke0(Native Method)
	at sun.reflect.NativeMethodAccessorImpl.invoke(NativeMethodAccessorImpl.java:57)
	at sun.reflect.DelegatingMethodAccessorImpl.invoke(DelegatingMethodAccessorImpl.java:43)
	at java.lang.reflect.Method.invoke(Method.java:606)
	at org.eclipse.equinox.internal.ds.model.ServiceComponent.deactivate(ServiceComponent.java:387)
	at org.eclipse.equinox.internal.ds.model.ServiceComponentProp.deactivate(ServiceComponentProp.java:161)
	at org.eclipse.equinox.internal.ds.model.ServiceComponentProp.dispose(ServiceComponentProp.java:389)
	at org.eclipse.equinox.internal.ds.model.ServiceComponentProp.dispose(ServiceComponentProp.java:102)
	at org.eclipse.equinox.internal.ds.InstanceProcess.disposeInstances(InstanceProcess.java:344)
	at org.eclipse.equinox.internal.ds.InstanceProcess.disposeInstances(InstanceProcess.java:306)
	at org.eclipse.equinox.internal.ds.Resolver.disposeComponentConfigs(Resolver.java:717)
	at org.eclipse.equinox.internal.ds.Resolver.disableComponents(Resolver.java:693)
	at org.eclipse.equinox.internal.ds.SCRManager.stoppingBundle(SCRManager.java:554)
	at org.eclipse.equinox.internal.ds.SCRManager.bundleChanged(SCRManager.java:233)
	at org.eclipse.osgi.framework.internal.core.BundleContextImpl.dispatchEvent(BundleContextImpl.java:847)
	at org.eclipse.osgi.framework.eventmgr.EventManager.dispatchEvent(EventManager.java:230)
	at org.eclipse.osgi.framework.eventmgr.ListenerQueue.dispatchEventSynchronous(ListenerQueue.java:148)
	at org.eclipse.osgi.framework.internal.core.Framework.publishBundleEventPrivileged(Framework.java:1568)
	at org.eclipse.osgi.framework.internal.core.Framework.publishBundleEvent(Framework.java:1504)
	at org.eclipse.osgi.framework.internal.core.Framework.publishBundleEvent(Framework.java:1499)
	at org.eclipse.osgi.framework.internal.core.BundleHost.stopWorker(BundleHost.java:506)
	at org.eclipse.osgi.framework.internal.core.AbstractBundle.suspend(AbstractBundle.java:566)
	at org.eclipse.osgi.framework.internal.core.Framework.suspendBundle(Framework.java:1206)
	at org.eclipse.osgi.framework.internal.core.StartLevelManager.decFWSL(StartLevelManager.java:592)
	at org.eclipse.osgi.framework.internal.core.StartLevelManager.doSetStartLevel(StartLevelManager.java:257)
	at org.eclipse.osgi.framework.internal.core.StartLevelManager.shutdown(StartLevelManager.java:215)
	at org.eclipse.osgi.framework.internal.core.InternalSystemBundle.suspend(InternalSystemBundle.java:284)
	at org.eclipse.osgi.framework.internal.core.Framework.shutdown(Framework.java:692)
	at org.eclipse.osgi.framework.internal.core.Framework.close(Framework.java:600)
	at org.eclipse.core.runtime.adaptor.EclipseStarter.shutdown(EclipseStarter.java:399)
	at org.wso2.carbon.core.init.CarbonServerManager.shutdown(CarbonServerManager.java:849)
	at org.wso2.carbon.server.admin.service.ServerAdmin$3.run(ServerAdmin.java:244)

!ENTRY org.wso2.carbon.datasource 4 0 2014-09-24 15:42:55.870
!MESSAGE [SCR] Error while attempting to deactivate instance of component Component[
	name = org.wso2.carbon.datasource
	factory = null
	autoenable = true
	immediate = true
	implementation = org.wso2.carbon.datasource.internal.DataSourceServiceComponent
	state = Disabled
	properties = {service.pid=org.wso2.carbon.datasource}
	serviceFactory = false
	serviceInterface = null
	references = {
		Reference[name = registry.service, interface = org.wso2.carbon.registry.core.service.RegistryService, policy = dynamic, cardinality = 1..1, target = null, bind = setRegistryService, unbind = unsetRegistryService]
		Reference[name = secret.callback.handler.service, interface = org.wso2.carbon.securevault.SecretCallbackHandlerService, policy = dynamic, cardinality = 1..1, target = null, bind = setSecretCallbackHandlerService, unbind = unsetSecretCallbackHandlerService]
	}
	located in bundle = org.wso2.carbon.datasource_4.2.1 [182]
]
!STACK 0
java.lang.reflect.InvocationTargetException
	at sun.reflect.NativeMethodAccessorImpl.invoke0(Native Method)
	at sun.reflect.NativeMethodAccessorImpl.invoke(NativeMethodAccessorImpl.java:57)
	at sun.reflect.DelegatingMethodAccessorImpl.invoke(DelegatingMethodAccessorImpl.java:43)
	at java.lang.reflect.Method.invoke(Method.java:606)
	at org.eclipse.equinox.internal.ds.model.ServiceComponent.deactivate(ServiceComponent.java:387)
	at org.eclipse.equinox.internal.ds.model.ServiceComponentProp.deactivate(ServiceComponentProp.java:161)
	at org.eclipse.equinox.internal.ds.model.ServiceComponentProp.dispose(ServiceComponentProp.java:389)
	at org.eclipse.equinox.internal.ds.model.ServiceComponentProp.dispose(ServiceComponentProp.java:102)
	at org.eclipse.equinox.internal.ds.InstanceProcess.disposeInstances(InstanceProcess.java:344)
	at org.eclipse.equinox.internal.ds.InstanceProcess.disposeInstances(InstanceProcess.java:306)
	at org.eclipse.equinox.internal.ds.Resolver.disposeComponentConfigs(Resolver.java:717)
	at org.eclipse.equinox.internal.ds.Resolver.disableComponents(Resolver.java:693)
	at org.eclipse.equinox.internal.ds.SCRManager.stoppingBundle(SCRManager.java:554)
	at org.eclipse.equinox.internal.ds.SCRManager.bundleChanged(SCRManager.java:233)
	at org.eclipse.osgi.framework.internal.core.BundleContextImpl.dispatchEvent(BundleContextImpl.java:847)
	at org.eclipse.osgi.framework.eventmgr.EventManager.dispatchEvent(EventManager.java:230)
	at org.eclipse.osgi.framework.eventmgr.ListenerQueue.dispatchEventSynchronous(ListenerQueue.java:148)
	at org.eclipse.osgi.framework.internal.core.Framework.publishBundleEventPrivileged(Framework.java:1568)
	at org.eclipse.osgi.framework.internal.core.Framework.publishBundleEvent(Framework.java:1504)
	at org.eclipse.osgi.framework.internal.core.Framework.publishBundleEvent(Framework.java:1499)
	at org.eclipse.osgi.framework.internal.core.BundleHost.stopWorker(BundleHost.java:506)
	at org.eclipse.osgi.framework.internal.core.AbstractBundle.suspend(AbstractBundle.java:566)
	at org.eclipse.osgi.framework.internal.core.Framework.suspendBundle(Framework.java:1206)
	at org.eclipse.osgi.framework.internal.core.StartLevelManager.decFWSL(StartLevelManager.java:592)
	at org.eclipse.osgi.framework.internal.core.StartLevelManager.doSetStartLevel(StartLevelManager.java:257)
	at org.eclipse.osgi.framework.internal.core.StartLevelManager.shutdown(StartLevelManager.java:215)
	at org.eclipse.osgi.framework.internal.core.InternalSystemBundle.suspend(InternalSystemBundle.java:284)
	at org.eclipse.osgi.framework.internal.core.Framework.shutdown(Framework.java:692)
	at org.eclipse.osgi.framework.internal.core.Framework.close(Framework.java:600)
	at org.eclipse.core.runtime.adaptor.EclipseStarter.shutdown(EclipseStarter.java:399)
	at org.wso2.carbon.core.init.CarbonServerManager.shutdown(CarbonServerManager.java:849)
	at org.wso2.carbon.server.admin.service.ServerAdmin$3.run(ServerAdmin.java:244)
Caused by: java.lang.NullPointerException
	at org.apache.synapse.commons.datasource.JNDIBasedDataSourceRepository.clear(JNDIBasedDataSourceRepository.java:278)
	at org.apache.synapse.commons.datasource.DataSourceRepositoryManager.clear(DataSourceRepositoryManager.java:143)
	at org.wso2.carbon.datasource.DataSourceInformationManager.shutDown(DataSourceInformationManager.java:135)
	at org.wso2.carbon.datasource.internal.DataSourceServiceComponent.deactivate(DataSourceServiceComponent.java:148)
	... 32 more
Root exception:
java.lang.NullPointerException
	at org.apache.synapse.commons.datasource.JNDIBasedDataSourceRepository.clear(JNDIBasedDataSourceRepository.java:278)
	at org.apache.synapse.commons.datasource.DataSourceRepositoryManager.clear(DataSourceRepositoryManager.java:143)
	at org.wso2.carbon.datasource.DataSourceInformationManager.shutDown(DataSourceInformationManager.java:135)
	at org.wso2.carbon.datasource.internal.DataSourceServiceComponent.deactivate(DataSourceServiceComponent.java:148)
	at sun.reflect.NativeMethodAccessorImpl.invoke0(Native Method)
	at sun.reflect.NativeMethodAccessorImpl.invoke(NativeMethodAccessorImpl.java:57)
	at sun.reflect.DelegatingMethodAccessorImpl.invoke(DelegatingMethodAccessorImpl.java:43)
	at java.lang.reflect.Method.invoke(Method.java:606)
	at org.eclipse.equinox.internal.ds.model.ServiceComponent.deactivate(ServiceComponent.java:387)
	at org.eclipse.equinox.internal.ds.model.ServiceComponentProp.deactivate(ServiceComponentProp.java:161)
	at org.eclipse.equinox.internal.ds.model.ServiceComponentProp.dispose(ServiceComponentProp.java:389)
	at org.eclipse.equinox.internal.ds.model.ServiceComponentProp.dispose(ServiceComponentProp.java:102)
	at org.eclipse.equinox.internal.ds.InstanceProcess.disposeInstances(InstanceProcess.java:344)
	at org.eclipse.equinox.internal.ds.InstanceProcess.disposeInstances(InstanceProcess.java:306)
	at org.eclipse.equinox.internal.ds.Resolver.disposeComponentConfigs(Resolver.java:717)
	at org.eclipse.equinox.internal.ds.Resolver.disableComponents(Resolver.java:693)
	at org.eclipse.equinox.internal.ds.SCRManager.stoppingBundle(SCRManager.java:554)
	at org.eclipse.equinox.internal.ds.SCRManager.bundleChanged(SCRManager.java:233)
	at org.eclipse.osgi.framework.internal.core.BundleContextImpl.dispatchEvent(BundleContextImpl.java:847)
	at org.eclipse.osgi.framework.eventmgr.EventManager.dispatchEvent(EventManager.java:230)
	at org.eclipse.osgi.framework.eventmgr.ListenerQueue.dispatchEventSynchronous(ListenerQueue.java:148)
	at org.eclipse.osgi.framework.internal.core.Framework.publishBundleEventPrivileged(Framework.java:1568)
	at org.eclipse.osgi.framework.internal.core.Framework.publishBundleEvent(Framework.java:1504)
	at org.eclipse.osgi.framework.internal.core.Framework.publishBundleEvent(Framework.java:1499)
	at org.eclipse.osgi.framework.internal.core.BundleHost.stopWorker(BundleHost.java:506)
	at org.eclipse.osgi.framework.internal.core.AbstractBundle.suspend(AbstractBundle.java:566)
	at org.eclipse.osgi.framework.internal.core.Framework.suspendBundle(Framework.java:1206)
	at org.eclipse.osgi.framework.internal.core.StartLevelManager.decFWSL(StartLevelManager.java:592)
	at org.eclipse.osgi.framework.internal.core.StartLevelManager.doSetStartLevel(StartLevelManager.java:257)
	at org.eclipse.osgi.framework.internal.core.StartLevelManager.shutdown(StartLevelManager.java:215)
	at org.eclipse.osgi.framework.internal.core.InternalSystemBundle.suspend(InternalSystemBundle.java:284)
	at org.eclipse.osgi.framework.internal.core.Framework.shutdown(Framework.java:692)
	at org.eclipse.osgi.framework.internal.core.Framework.close(Framework.java:600)
	at org.eclipse.core.runtime.adaptor.EclipseStarter.shutdown(EclipseStarter.java:399)
	at org.wso2.carbon.core.init.CarbonServerManager.shutdown(CarbonServerManager.java:849)
	at org.wso2.carbon.server.admin.service.ServerAdmin$3.run(ServerAdmin.java:244)

!ENTRY org.wso2.carbon.datasource 4 0 2014-09-24 15:42:55.871
!MESSAGE [SCR] Error while attempting to deactivate instance of component Component[
	name = org.wso2.carbon.datasource
	factory = null
	autoenable = true
	immediate = true
	implementation = org.wso2.carbon.datasource.internal.DataSourceServiceComponent
	state = Disabled
	properties = {service.pid=org.wso2.carbon.datasource}
	serviceFactory = false
	serviceInterface = null
	references = {
		Reference[name = registry.service, interface = org.wso2.carbon.registry.core.service.RegistryService, policy = dynamic, cardinality = 1..1, target = null, bind = setRegistryService, unbind = unsetRegistryService]
		Reference[name = secret.callback.handler.service, interface = org.wso2.carbon.securevault.SecretCallbackHandlerService, policy = dynamic, cardinality = 1..1, target = null, bind = setSecretCallbackHandlerService, unbind = unsetSecretCallbackHandlerService]
	}
	located in bundle = org.wso2.carbon.datasource_4.2.1 [182]
]
!STACK 0
java.lang.reflect.InvocationTargetException
	at sun.reflect.NativeMethodAccessorImpl.invoke0(Native Method)
	at sun.reflect.NativeMethodAccessorImpl.invoke(NativeMethodAccessorImpl.java:57)
	at sun.reflect.DelegatingMethodAccessorImpl.invoke(DelegatingMethodAccessorImpl.java:43)
	at java.lang.reflect.Method.invoke(Method.java:606)
	at org.eclipse.equinox.internal.ds.model.ServiceComponent.deactivate(ServiceComponent.java:387)
	at org.eclipse.equinox.internal.ds.model.ServiceComponentProp.deactivate(ServiceComponentProp.java:161)
	at org.eclipse.equinox.internal.ds.model.ServiceComponentProp.dispose(ServiceComponentProp.java:389)
	at org.eclipse.equinox.internal.ds.model.ServiceComponentProp.dispose(ServiceComponentProp.java:102)
	at org.eclipse.equinox.internal.ds.InstanceProcess.disposeInstances(InstanceProcess.java:344)
	at org.eclipse.equinox.internal.ds.InstanceProcess.disposeInstances(InstanceProcess.java:306)
	at org.eclipse.equinox.internal.ds.Resolver.disposeComponentConfigs(Resolver.java:717)
	at org.eclipse.equinox.internal.ds.Resolver.disableComponents(Resolver.java:693)
	at org.eclipse.equinox.internal.ds.SCRManager.stoppingBundle(SCRManager.java:554)
	at org.eclipse.equinox.internal.ds.SCRManager.bundleChanged(SCRManager.java:233)
	at org.eclipse.osgi.framework.internal.core.BundleContextImpl.dispatchEvent(BundleContextImpl.java:847)
	at org.eclipse.osgi.framework.eventmgr.EventManager.dispatchEvent(EventManager.java:230)
	at org.eclipse.osgi.framework.eventmgr.ListenerQueue.dispatchEventSynchronous(ListenerQueue.java:148)
	at org.eclipse.osgi.framework.internal.core.Framework.publishBundleEventPrivileged(Framework.java:1568)
	at org.eclipse.osgi.framework.internal.core.Framework.publishBundleEvent(Framework.java:1504)
	at org.eclipse.osgi.framework.internal.core.Framework.publishBundleEvent(Framework.java:1499)
	at org.eclipse.osgi.framework.internal.core.BundleHost.stopWorker(BundleHost.java:506)
	at org.eclipse.osgi.framework.internal.core.AbstractBundle.suspend(AbstractBundle.java:566)
	at org.eclipse.osgi.framework.internal.core.Framework.suspendBundle(Framework.java:1206)
	at org.eclipse.osgi.framework.internal.core.StartLevelManager.decFWSL(StartLevelManager.java:592)
	at org.eclipse.osgi.framework.internal.core.StartLevelManager.doSetStartLevel(StartLevelManager.java:257)
	at org.eclipse.osgi.framework.internal.core.StartLevelManager.shutdown(StartLevelManager.java:215)
	at org.eclipse.osgi.framework.internal.core.InternalSystemBundle.suspend(InternalSystemBundle.java:284)
	at org.eclipse.osgi.framework.internal.core.Framework.shutdown(Framework.java:692)
	at org.eclipse.osgi.framework.internal.core.Framework.close(Framework.java:600)
	at org.eclipse.core.runtime.adaptor.EclipseStarter.shutdown(EclipseStarter.java:399)
	at org.wso2.carbon.core.init.CarbonServerManager.shutdown(CarbonServerManager.java:849)
	at org.wso2.carbon.server.admin.service.ServerAdmin$3.run(ServerAdmin.java:244)
Caused by: java.lang.NullPointerException
	at org.apache.synapse.commons.datasource.JNDIBasedDataSourceRepository.clear(JNDIBasedDataSourceRepository.java:278)
	at org.apache.synapse.commons.datasource.DataSourceRepositoryManager.clear(DataSourceRepositoryManager.java:143)
	at org.wso2.carbon.datasource.DataSourceInformationManager.shutDown(DataSourceInformationManager.java:135)
	at org.wso2.carbon.datasource.internal.DataSourceServiceComponent.deactivate(DataSourceServiceComponent.java:148)
	... 32 more
Root exception:
java.lang.NullPointerException
	at org.apache.synapse.commons.datasource.JNDIBasedDataSourceRepository.clear(JNDIBasedDataSourceRepository.java:278)
	at org.apache.synapse.commons.datasource.DataSourceRepositoryManager.clear(DataSourceRepositoryManager.java:143)
	at org.wso2.carbon.datasource.DataSourceInformationManager.shutDown(DataSourceInformationManager.java:135)
	at org.wso2.carbon.datasource.internal.DataSourceServiceComponent.deactivate(DataSourceServiceComponent.java:148)
	at sun.reflect.NativeMethodAccessorImpl.invoke0(Native Method)
	at sun.reflect.NativeMethodAccessorImpl.invoke(NativeMethodAccessorImpl.java:57)
	at sun.reflect.DelegatingMethodAccessorImpl.invoke(DelegatingMethodAccessorImpl.java:43)
	at java.lang.reflect.Method.invoke(Method.java:606)
	at org.eclipse.equinox.internal.ds.model.ServiceComponent.deactivate(ServiceComponent.java:387)
	at org.eclipse.equinox.internal.ds.model.ServiceComponentProp.deactivate(ServiceComponentProp.java:161)
	at org.eclipse.equinox.internal.ds.model.ServiceComponentProp.dispose(ServiceComponentProp.java:389)
	at org.eclipse.equinox.internal.ds.model.ServiceComponentProp.dispose(ServiceComponentProp.java:102)
	at org.eclipse.equinox.internal.ds.InstanceProcess.disposeInstances(InstanceProcess.java:344)
	at org.eclipse.equinox.internal.ds.InstanceProcess.disposeInstances(InstanceProcess.java:306)
	at org.eclipse.equinox.internal.ds.Resolver.disposeComponentConfigs(Resolver.java:717)
	at org.eclipse.equinox.internal.ds.Resolver.disableComponents(Resolver.java:693)
	at org.eclipse.equinox.internal.ds.SCRManager.stoppingBundle(SCRManager.java:554)
	at org.eclipse.equinox.internal.ds.SCRManager.bundleChanged(SCRManager.java:233)
	at org.eclipse.osgi.framework.internal.core.BundleContextImpl.dispatchEvent(BundleContextImpl.java:847)
	at org.eclipse.osgi.framework.eventmgr.EventManager.dispatchEvent(EventManager.java:230)
	at org.eclipse.osgi.framework.eventmgr.ListenerQueue.dispatchEventSynchronous(ListenerQueue.java:148)
	at org.eclipse.osgi.framework.internal.core.Framework.publishBundleEventPrivileged(Framework.java:1568)
	at org.eclipse.osgi.framework.internal.core.Framework.publishBundleEvent(Framework.java:1504)
	at org.eclipse.osgi.framework.internal.core.Framework.publishBundleEvent(Framework.java:1499)
	at org.eclipse.osgi.framework.internal.core.BundleHost.stopWorker(BundleHost.java:506)
	at org.eclipse.osgi.framework.internal.core.AbstractBundle.suspend(AbstractBundle.java:566)
	at org.eclipse.osgi.framework.internal.core.Framework.suspendBundle(Framework.java:1206)
	at org.eclipse.osgi.framework.internal.core.StartLevelManager.decFWSL(StartLevelManager.java:592)
	at org.eclipse.osgi.framework.internal.core.StartLevelManager.doSetStartLevel(StartLevelManager.java:257)
	at org.eclipse.osgi.framework.internal.core.StartLevelManager.shutdown(StartLevelManager.java:215)
	at org.eclipse.osgi.framework.internal.core.InternalSystemBundle.suspend(InternalSystemBundle.java:284)
	at org.eclipse.osgi.framework.internal.core.Framework.shutdown(Framework.java:692)
	at org.eclipse.osgi.framework.internal.core.Framework.close(Framework.java:600)
	at org.eclipse.core.runtime.adaptor.EclipseStarter.shutdown(EclipseStarter.java:399)
	at org.wso2.carbon.core.init.CarbonServerManager.shutdown(CarbonServerManager.java:849)
	at org.wso2.carbon.server.admin.service.ServerAdmin$3.run(ServerAdmin.java:244)

!ENTRY org.wso2.carbon.mediation.registry 4 0 2014-09-24 15:42:55.888
!MESSAGE [SCR] Exception occurred while unbinding reference Reference[name = registry.service, interface = org.wso2.carbon.registry.core.service.RegistryService, policy = dynamic, cardinality = 1..1, target = null, bind = setRegistryService, unbind = unsetRegistryService]
	Details:
	Problematic reference = Reference[name = registry.service, interface = org.wso2.carbon.registry.core.service.RegistryService, policy = dynamic, cardinality = 1..1, target = null, bind = setRegistryService, unbind = unsetRegistryService]
	of service component = mediation.registry
	component implementation class = org.wso2.carbon.mediation.registry.SynapseRegistryServiceComponent
	located in bundle with symbolic name = org.wso2.carbon.mediation.registry
	bundle location = reference:file:../plugins/org.wso2.carbon.mediation.registry_4.2.1.jar
!STACK 0
java.lang.reflect.InvocationTargetException
	at sun.reflect.NativeMethodAccessorImpl.invoke0(Native Method)
	at sun.reflect.NativeMethodAccessorImpl.invoke(NativeMethodAccessorImpl.java:57)
	at sun.reflect.DelegatingMethodAccessorImpl.invoke(DelegatingMethodAccessorImpl.java:43)
	at java.lang.reflect.Method.invoke(Method.java:606)
	at org.eclipse.equinox.internal.ds.model.ComponentReference.unbind(ComponentReference.java:476)
	at org.eclipse.equinox.internal.ds.model.ServiceComponentProp.unbindReference(ServiceComponentProp.java:619)
	at org.eclipse.equinox.internal.ds.model.ServiceComponentProp.unbind(ServiceComponentProp.java:264)
	at org.eclipse.equinox.internal.ds.model.ServiceComponentProp.dispose(ServiceComponentProp.java:390)
	at org.eclipse.equinox.internal.ds.model.ServiceComponentProp.dispose(ServiceComponentProp.java:102)
	at org.eclipse.equinox.internal.ds.InstanceProcess.disposeInstances(InstanceProcess.java:344)
	at org.eclipse.equinox.internal.ds.InstanceProcess.disposeInstances(InstanceProcess.java:306)
	at org.eclipse.equinox.internal.ds.Resolver.disposeComponentConfigs(Resolver.java:717)
	at org.eclipse.equinox.internal.ds.Resolver.disableComponents(Resolver.java:693)
	at org.eclipse.equinox.internal.ds.SCRManager.stoppingBundle(SCRManager.java:554)
	at org.eclipse.equinox.internal.ds.SCRManager.bundleChanged(SCRManager.java:233)
	at org.eclipse.osgi.framework.internal.core.BundleContextImpl.dispatchEvent(BundleContextImpl.java:847)
	at org.eclipse.osgi.framework.eventmgr.EventManager.dispatchEvent(EventManager.java:230)
	at org.eclipse.osgi.framework.eventmgr.ListenerQueue.dispatchEventSynchronous(ListenerQueue.java:148)
	at org.eclipse.osgi.framework.internal.core.Framework.publishBundleEventPrivileged(Framework.java:1568)
	at org.eclipse.osgi.framework.internal.core.Framework.publishBundleEvent(Framework.java:1504)
	at org.eclipse.osgi.framework.internal.core.Framework.publishBundleEvent(Framework.java:1499)
	at org.eclipse.osgi.framework.internal.core.BundleHost.stopWorker(BundleHost.java:506)
	at org.eclipse.osgi.framework.internal.core.AbstractBundle.suspend(AbstractBundle.java:566)
	at org.eclipse.osgi.framework.internal.core.Framework.suspendBundle(Framework.java:1206)
	at org.eclipse.osgi.framework.internal.core.StartLevelManager.decFWSL(StartLevelManager.java:592)
	at org.eclipse.osgi.framework.internal.core.StartLevelManager.doSetStartLevel(StartLevelManager.java:257)
	at org.eclipse.osgi.framework.internal.core.StartLevelManager.shutdown(StartLevelManager.java:215)
	at org.eclipse.osgi.framework.internal.core.InternalSystemBundle.suspend(InternalSystemBundle.java:284)
	at org.eclipse.osgi.framework.internal.core.Framework.shutdown(Framework.java:692)
	at org.eclipse.osgi.framework.internal.core.Framework.close(Framework.java:600)
	at org.eclipse.core.runtime.adaptor.EclipseStarter.shutdown(EclipseStarter.java:399)
	at org.wso2.carbon.core.init.CarbonServerManager.shutdown(CarbonServerManager.java:849)
	at org.wso2.carbon.server.admin.service.ServerAdmin$3.run(ServerAdmin.java:244)
Caused by: java.lang.NullPointerException
	at org.wso2.carbon.mediation.registry.persistence.PersistenceManager.setRegistry(PersistenceManager.java:72)
	at org.wso2.carbon.mediation.registry.SynapseRegistryServiceComponent.unsetRegistryService(SynapseRegistryServiceComponent.java:71)
	... 33 more
Root exception:
java.lang.NullPointerException
	at org.wso2.carbon.mediation.registry.persistence.PersistenceManager.setRegistry(PersistenceManager.java:72)
	at org.wso2.carbon.mediation.registry.SynapseRegistryServiceComponent.unsetRegistryService(SynapseRegistryServiceComponent.java:71)
	at sun.reflect.NativeMethodAccessorImpl.invoke0(Native Method)
	at sun.reflect.NativeMethodAccessorImpl.invoke(NativeMethodAccessorImpl.java:57)
	at sun.reflect.DelegatingMethodAccessorImpl.invoke(DelegatingMethodAccessorImpl.java:43)
	at java.lang.reflect.Method.invoke(Method.java:606)
	at org.eclipse.equinox.internal.ds.model.ComponentReference.unbind(ComponentReference.java:476)
	at org.eclipse.equinox.internal.ds.model.ServiceComponentProp.unbindReference(ServiceComponentProp.java:619)
	at org.eclipse.equinox.internal.ds.model.ServiceComponentProp.unbind(ServiceComponentProp.java:264)
	at org.eclipse.equinox.internal.ds.model.ServiceComponentProp.dispose(ServiceComponentProp.java:390)
	at org.eclipse.equinox.internal.ds.model.ServiceComponentProp.dispose(ServiceComponentProp.java:102)
	at org.eclipse.equinox.internal.ds.InstanceProcess.disposeInstances(InstanceProcess.java:344)
	at org.eclipse.equinox.internal.ds.InstanceProcess.disposeInstances(InstanceProcess.java:306)
	at org.eclipse.equinox.internal.ds.Resolver.disposeComponentConfigs(Resolver.java:717)
	at org.eclipse.equinox.internal.ds.Resolver.disableComponents(Resolver.java:693)
	at org.eclipse.equinox.internal.ds.SCRManager.stoppingBundle(SCRManager.java:554)
	at org.eclipse.equinox.internal.ds.SCRManager.bundleChanged(SCRManager.java:233)
	at org.eclipse.osgi.framework.internal.core.BundleContextImpl.dispatchEvent(BundleContextImpl.java:847)
	at org.eclipse.osgi.framework.eventmgr.EventManager.dispatchEvent(EventManager.java:230)
	at org.eclipse.osgi.framework.eventmgr.ListenerQueue.dispatchEventSynchronous(ListenerQueue.java:148)
	at org.eclipse.osgi.framework.internal.core.Framework.publishBundleEventPrivileged(Framework.java:1568)
	at org.eclipse.osgi.framework.internal.core.Framework.publishBundleEvent(Framework.java:1504)
	at org.eclipse.osgi.framework.internal.core.Framework.publishBundleEvent(Framework.java:1499)
	at org.eclipse.osgi.framework.internal.core.BundleHost.stopWorker(BundleHost.java:506)
	at org.eclipse.osgi.framework.internal.core.AbstractBundle.suspend(AbstractBundle.java:566)
	at org.eclipse.osgi.framework.internal.core.Framework.suspendBundle(Framework.java:1206)
	at org.eclipse.osgi.framework.internal.core.StartLevelManager.decFWSL(StartLevelManager.java:592)
	at org.eclipse.osgi.framework.internal.core.StartLevelManager.doSetStartLevel(StartLevelManager.java:257)
	at org.eclipse.osgi.framework.internal.core.StartLevelManager.shutdown(StartLevelManager.java:215)
	at org.eclipse.osgi.framework.internal.core.InternalSystemBundle.suspend(InternalSystemBundle.java:284)
	at org.eclipse.osgi.framework.internal.core.Framework.shutdown(Framework.java:692)
	at org.eclipse.osgi.framework.internal.core.Framework.close(Framework.java:600)
	at org.eclipse.core.runtime.adaptor.EclipseStarter.shutdown(EclipseStarter.java:399)
	at org.wso2.carbon.core.init.CarbonServerManager.shutdown(CarbonServerManager.java:849)
	at org.wso2.carbon.server.admin.service.ServerAdmin$3.run(ServerAdmin.java:244)

!ENTRY org.wso2.carbon.mediation.registry 4 0 2014-09-24 15:42:55.889
!MESSAGE [SCR] Exception occurred while unbinding reference Reference[name = registry.service, interface = org.wso2.carbon.registry.core.service.RegistryService, policy = dynamic, cardinality = 1..1, target = null, bind = setRegistryService, unbind = unsetRegistryService]
	Details:
	Problematic reference = Reference[name = registry.service, interface = org.wso2.carbon.registry.core.service.RegistryService, policy = dynamic, cardinality = 1..1, target = null, bind = setRegistryService, unbind = unsetRegistryService]
	of service component = mediation.registry
	component implementation class = org.wso2.carbon.mediation.registry.SynapseRegistryServiceComponent
	located in bundle with symbolic name = org.wso2.carbon.mediation.registry
	bundle location = reference:file:../plugins/org.wso2.carbon.mediation.registry_4.2.1.jar
!STACK 0
java.lang.reflect.InvocationTargetException
	at sun.reflect.NativeMethodAccessorImpl.invoke0(Native Method)
	at sun.reflect.NativeMethodAccessorImpl.invoke(NativeMethodAccessorImpl.java:57)
	at sun.reflect.DelegatingMethodAccessorImpl.invoke(DelegatingMethodAccessorImpl.java:43)
	at java.lang.reflect.Method.invoke(Method.java:606)
	at org.eclipse.equinox.internal.ds.model.ComponentReference.unbind(ComponentReference.java:476)
	at org.eclipse.equinox.internal.ds.model.ServiceComponentProp.unbindReference(ServiceComponentProp.java:619)
	at org.eclipse.equinox.internal.ds.model.ServiceComponentProp.unbind(ServiceComponentProp.java:264)
	at org.eclipse.equinox.internal.ds.model.ServiceComponentProp.dispose(ServiceComponentProp.java:390)
	at org.eclipse.equinox.internal.ds.model.ServiceComponentProp.dispose(ServiceComponentProp.java:102)
	at org.eclipse.equinox.internal.ds.InstanceProcess.disposeInstances(InstanceProcess.java:344)
	at org.eclipse.equinox.internal.ds.InstanceProcess.disposeInstances(InstanceProcess.java:306)
	at org.eclipse.equinox.internal.ds.Resolver.disposeComponentConfigs(Resolver.java:717)
	at org.eclipse.equinox.internal.ds.Resolver.disableComponents(Resolver.java:693)
	at org.eclipse.equinox.internal.ds.SCRManager.stoppingBundle(SCRManager.java:554)
	at org.eclipse.equinox.internal.ds.SCRManager.bundleChanged(SCRManager.java:233)
	at org.eclipse.osgi.framework.internal.core.BundleContextImpl.dispatchEvent(BundleContextImpl.java:847)
	at org.eclipse.osgi.framework.eventmgr.EventManager.dispatchEvent(EventManager.java:230)
	at org.eclipse.osgi.framework.eventmgr.ListenerQueue.dispatchEventSynchronous(ListenerQueue.java:148)
	at org.eclipse.osgi.framework.internal.core.Framework.publishBundleEventPrivileged(Framework.java:1568)
	at org.eclipse.osgi.framework.internal.core.Framework.publishBundleEvent(Framework.java:1504)
	at org.eclipse.osgi.framework.internal.core.Framework.publishBundleEvent(Framework.java:1499)
	at org.eclipse.osgi.framework.internal.core.BundleHost.stopWorker(BundleHost.java:506)
	at org.eclipse.osgi.framework.internal.core.AbstractBundle.suspend(AbstractBundle.java:566)
	at org.eclipse.osgi.framework.internal.core.Framework.suspendBundle(Framework.java:1206)
	at org.eclipse.osgi.framework.internal.core.StartLevelManager.decFWSL(StartLevelManager.java:592)
	at org.eclipse.osgi.framework.internal.core.StartLevelManager.doSetStartLevel(StartLevelManager.java:257)
	at org.eclipse.osgi.framework.internal.core.StartLevelManager.shutdown(StartLevelManager.java:215)
	at org.eclipse.osgi.framework.internal.core.InternalSystemBundle.suspend(InternalSystemBundle.java:284)
	at org.eclipse.osgi.framework.internal.core.Framework.shutdown(Framework.java:692)
	at org.eclipse.osgi.framework.internal.core.Framework.close(Framework.java:600)
	at org.eclipse.core.runtime.adaptor.EclipseStarter.shutdown(EclipseStarter.java:399)
	at org.wso2.carbon.core.init.CarbonServerManager.shutdown(CarbonServerManager.java:849)
	at org.wso2.carbon.server.admin.service.ServerAdmin$3.run(ServerAdmin.java:244)
Caused by: java.lang.NullPointerException
	at org.wso2.carbon.mediation.registry.persistence.PersistenceManager.setRegistry(PersistenceManager.java:72)
	at org.wso2.carbon.mediation.registry.SynapseRegistryServiceComponent.unsetRegistryService(SynapseRegistryServiceComponent.java:71)
	... 33 more
Root exception:
java.lang.NullPointerException
	at org.wso2.carbon.mediation.registry.persistence.PersistenceManager.setRegistry(PersistenceManager.java:72)
	at org.wso2.carbon.mediation.registry.SynapseRegistryServiceComponent.unsetRegistryService(SynapseRegistryServiceComponent.java:71)
	at sun.reflect.NativeMethodAccessorImpl.invoke0(Native Method)
	at sun.reflect.NativeMethodAccessorImpl.invoke(NativeMethodAccessorImpl.java:57)
	at sun.reflect.DelegatingMethodAccessorImpl.invoke(DelegatingMethodAccessorImpl.java:43)
	at java.lang.reflect.Method.invoke(Method.java:606)
	at org.eclipse.equinox.internal.ds.model.ComponentReference.unbind(ComponentReference.java:476)
	at org.eclipse.equinox.internal.ds.model.ServiceComponentProp.unbindReference(ServiceComponentProp.java:619)
	at org.eclipse.equinox.internal.ds.model.ServiceComponentProp.unbind(ServiceComponentProp.java:264)
	at org.eclipse.equinox.internal.ds.model.ServiceComponentProp.dispose(ServiceComponentProp.java:390)
	at org.eclipse.equinox.internal.ds.model.ServiceComponentProp.dispose(ServiceComponentProp.java:102)
	at org.eclipse.equinox.internal.ds.InstanceProcess.disposeInstances(InstanceProcess.java:344)
	at org.eclipse.equinox.internal.ds.InstanceProcess.disposeInstances(InstanceProcess.java:306)
	at org.eclipse.equinox.internal.ds.Resolver.disposeComponentConfigs(Resolver.java:717)
	at org.eclipse.equinox.internal.ds.Resolver.disableComponents(Resolver.java:693)
	at org.eclipse.equinox.internal.ds.SCRManager.stoppingBundle(SCRManager.java:554)
	at org.eclipse.equinox.internal.ds.SCRManager.bundleChanged(SCRManager.java:233)
	at org.eclipse.osgi.framework.internal.core.BundleContextImpl.dispatchEvent(BundleContextImpl.java:847)
	at org.eclipse.osgi.framework.eventmgr.EventManager.dispatchEvent(EventManager.java:230)
	at org.eclipse.osgi.framework.eventmgr.ListenerQueue.dispatchEventSynchronous(ListenerQueue.java:148)
	at org.eclipse.osgi.framework.internal.core.Framework.publishBundleEventPrivileged(Framework.java:1568)
	at org.eclipse.osgi.framework.internal.core.Framework.publishBundleEvent(Framework.java:1504)
	at org.eclipse.osgi.framework.internal.core.Framework.publishBundleEvent(Framework.java:1499)
	at org.eclipse.osgi.framework.internal.core.BundleHost.stopWorker(BundleHost.java:506)
	at org.eclipse.osgi.framework.internal.core.AbstractBundle.suspend(AbstractBundle.java:566)
	at org.eclipse.osgi.framework.internal.core.Framework.suspendBundle(Framework.java:1206)
	at org.eclipse.osgi.framework.internal.core.StartLevelManager.decFWSL(StartLevelManager.java:592)
	at org.eclipse.osgi.framework.internal.core.StartLevelManager.doSetStartLevel(StartLevelManager.java:257)
	at org.eclipse.osgi.framework.internal.core.StartLevelManager.shutdown(StartLevelManager.java:215)
	at org.eclipse.osgi.framework.internal.core.InternalSystemBundle.suspend(InternalSystemBundle.java:284)
	at org.eclipse.osgi.framework.internal.core.Framework.shutdown(Framework.java:692)
	at org.eclipse.osgi.framework.internal.core.Framework.close(Framework.java:600)
	at org.eclipse.core.runtime.adaptor.EclipseStarter.shutdown(EclipseStarter.java:399)
	at org.wso2.carbon.core.init.CarbonServerManager.shutdown(CarbonServerManager.java:849)
	at org.wso2.carbon.server.admin.service.ServerAdmin$3.run(ServerAdmin.java:244)
